<?xml version="1.0" encoding="UTF-8"?>
<!-- Generated by org.testng.reporters.JUnitReportReporter -->
<testsuite skipped="0" hostname="USER-PC" name="pageObject.challengingDOM.ChallengingDOM" tests="1" failures="0" timestamp="2019-10-19T18:33:14 IST" time="0.053" errors="0">
  <testcase name="test1" time="0.053" classname="pageObject.challengingDOM.ChallengingDOM"/>
</testsuite> <!-- pageObject.challengingDOM.ChallengingDOM -->
