<?xml version="1.0" encoding="UTF-8"?>
<!-- Generated by org.testng.reporters.JUnitReportReporter -->
<testsuite skipped="0" hostname="USER-PC" name="com.test.challengingDOM.ChallengingDOM" tests="11" failures="0" timestamp="2019-10-20T22:20:04 IST" time="46.418" errors="0">
  <testcase name="verifyAnswerBlock" time="0.811" classname="com.test.challengingDOM.ChallengingDOM"/>
  <testcase name="verifyTheHeader" time="1.230" classname="com.test.challengingDOM.ChallengingDOM"/>
  <testcase name="testToVerifyTheTextAndHyperlinkOfTheGITHub" time="5.258" classname="com.test.challengingDOM.ChallengingDOM"/>
  <testcase name="verifyEditButtonClickInEachRow" time="4.383" classname="com.test.challengingDOM.ChallengingDOM"/>
  <testcase name="testToVerifyTheHeaderAndParagraph" time="5.449" classname="com.test.challengingDOM.ChallengingDOM"/>
  <testcase name="verifyDeleteButtonClickInEachRow" time="4.620" classname="com.test.challengingDOM.ChallengingDOM"/>
  <testcase name="verifyDeleteButtonInEachRow" time="3.107" classname="com.test.challengingDOM.ChallengingDOM"/>
  <testcase name="verifyEditButtonInEachRow" time="2.279" classname="com.test.challengingDOM.ChallengingDOM"/>
  <testcase name="verifyFooter" time="7.820" classname="com.test.challengingDOM.ChallengingDOM"/>
  <testcase name="verifyEachColumnDataSequence" time="7.242" classname="com.test.challengingDOM.ChallengingDOM"/>
  <testcase name="verifyTheButtons" time="4.219" classname="com.test.challengingDOM.ChallengingDOM"/>
</testsuite> <!-- com.test.challengingDOM.ChallengingDOM -->
